#-----------------------------------------------------------
# Vivado v2020.1 (64-bit)
# SW Build 2902540 on Wed May 27 19:54:49 MDT 2020
# IP Build 2902112 on Wed May 27 22:43:36 MDT 2020
# Start of session at: Wed Feb 23 12:13:01 2022
# Process ID: 21224
# Current directory: D:/workspace/Chula/LLVM backend/LLVM/my_papers/zipi8_ipc1/Hindawi/DAPZipi8Appendices/Appendix_A/DAP-Zipi8_Vivado_project
# Command line: vivado.exe -gui_launcher_event rodinguilauncherevent22008 D:\workspace\Chula\LLVM backend\LLVM\my_papers\zipi8_ipc1\Hindawi\DAPZipi8Appendices\Appendix_A\DAP-Zipi8_Vivado_project\zipi8_1ipc.xpr
# Log file: D:/workspace/Chula/LLVM backend/LLVM/my_papers/zipi8_ipc1/Hindawi/DAPZipi8Appendices/Appendix_A/DAP-Zipi8_Vivado_project/vivado.log
# Journal file: D:/workspace/Chula/LLVM backend/LLVM/my_papers/zipi8_ipc1/Hindawi/DAPZipi8Appendices/Appendix_A/DAP-Zipi8_Vivado_project\vivado.jou
#-----------------------------------------------------------
start_gui
open_project {D:/workspace/Chula/LLVM backend/LLVM/my_papers/zipi8_ipc1/Hindawi/DAPZipi8Appendices/Appendix_A/DAP-Zipi8_Vivado_project/zipi8_1ipc.xpr}
INFO: [ProjectBase 1-489] The host OS only allows 260 characters in a normal path. The project is stored in a path with more than 80 characters. If you experience issues with IP, Block Designs, or files not being found, please consider moving the project to a location with a shorter path. Alternately consider using the OS subst command to map part of the path to a drive letter.
Current project path is 'D:/workspace/Chula/LLVM backend/LLVM/my_papers/zipi8_ipc1/Hindawi/DAPZipi8Appendices/Appendix_A/DAP-Zipi8_Vivado_project'
INFO: [Project 1-313] Project file moved from 'D:/workspace/Vivado_2020.1/zipi8_1ipc' since last save.
WARNING: [Project 1-312] File not found as 'D:/workspace/Chula/LLVM backend/LLVM/my_papers/zipi8_ipc1/Hindawi/DAPZipi8Appendices/Vivado_2019.2/zipi8_rtl/test_top_ram_behav.wcfg'; using path 'D:/workspace/Vivado_2019.2/zipi8_rtl/test_top_ram_behav.wcfg' instead.
Scanning sources...
Finished scanning sources
INFO: [IP_Flow 19-234] Refreshing IP repositories
INFO: [IP_Flow 19-1704] No user IP repositories specified
INFO: [IP_Flow 19-2313] Loaded Vivado IP repository 'D:/Xilinx/Vivado/2020.1/data/ip'.
open_project: Time (s): cpu = 00:00:18 ; elapsed = 00:00:09 . Memory (MB): peak = 1101.828 ; gain = 22.246
update_compile_order -fileset sources_1
WARNING: [IP_Flow 19-4067] Ignoring invalid widget type specified checkbox.Providing a default widget
WARNING: [IP_Flow 19-4067] Ignoring invalid widget type specified checkbox.Providing a default widget
exit
INFO: [Common 17-206] Exiting Vivado at Wed Feb 23 12:22:51 2022...
